--------------------------------------------------------------------------------
Release 8.1i Trace I.24
Copyright (c) 1995-2005 Xilinx, Inc.  All rights reserved.

C:\Xilinx\bin\nt\trce.exe -ise EXA-9a.ise -intstyle ise -e 3 -l 3 -s 4 -xml lcd
lcd.ncd -o lcd.twr lcd.pcf


Design file:              lcd.ncd
Physical constraint file: lcd.pcf
Device,speed:             xc3s200,-4 (PRODUCTION 1.37 2005-11-04)
Report level:             error report

Environment Variable      Effect 
--------------------      ------ 
NONE                      No environment variables were set
--------------------------------------------------------------------------------

INFO:Timing:2698 - No timing constraints found, doing default enumeration.
INFO:Timing:2752 - To get complete path coverage, use the unconstrained paths
   option. All paths that are not constrained will be reported in the
   unconstrained paths section(s) of the report.


Data Sheet report:
-----------------
All values displayed in nanoseconds (ns)

Clock clk to Pad
------------+------------+------------------+--------+
            | clk (edge) |                  |  Clock |
Destination | to PAD     |Internal Clock(s) |  Phase |
------------+------------+------------------+--------+
data<0>     |    7.360(R)|clk_BUFGP         |   0.000|
data<1>     |    7.360(R)|clk_BUFGP         |   0.000|
data<2>     |    7.360(R)|clk_BUFGP         |   0.000|
data<3>     |    7.360(R)|clk_BUFGP         |   0.000|
data<4>     |    7.360(R)|clk_BUFGP         |   0.000|
data<5>     |    7.360(R)|clk_BUFGP         |   0.000|
data<6>     |    7.360(R)|clk_BUFGP         |   0.000|
data<7>     |    7.360(R)|clk_BUFGP         |   0.000|
lcd_e       |    7.360(R)|clk_BUFGP         |   0.000|
lcd_rs      |    7.359(R)|clk_BUFGP         |   0.000|
------------+------------+------------------+--------+

Clock to Setup on destination clock clk
---------------+---------+---------+---------+---------+
               | Src:Rise| Src:Fall| Src:Rise| Src:Fall|
Source Clock   |Dest:Rise|Dest:Rise|Dest:Fall|Dest:Fall|
---------------+---------+---------+---------+---------+
clk            |   12.752|         |         |         |
---------------+---------+---------+---------+---------+

Analysis completed Tue Jan 16 18:56:29 2007
--------------------------------------------------------------------------------



Peak Memory Usage: 103 MB
